This is pdfTeX, Version 3.141592653-2.6-1.40.24 (TeX Live 2022) (preloaded format=pdflatex 2022.5.19)  29 OCT 2023 02:02
entering extended mode
 restricted \write18 enabled.
 file:line:error style messages enabled.
 %&-line parsing enabled.
**c:/Users/Chan/Documents/GitHub/EG/Plan_files/Axiom-Circle.tex
(c:/Users/Chan/Documents/GitHub/EG/Plan_files/Axiom-Circle.tex
LaTeX2e <2021-11-15> patch level 1
L3 programming layer <2022-02-24> (c:/texlive/2022/texmf-dist/tex/latex/base/article.cls
Document Class: article 2021/10/04 v1.4n Standard LaTeX document class
(c:/texlive/2022/texmf-dist/tex/latex/base/size12.clo
File: size12.clo 2021/10/04 v1.4n Standard LaTeX file (size option)
)
\c@part=\count185
\c@section=\count186
\c@subsection=\count187
\c@subsubsection=\count188
\c@paragraph=\count189
\c@subparagraph=\count190
\c@figure=\count191
\c@table=\count192
\abovecaptionskip=\skip47
\belowcaptionskip=\skip48
\bibindent=\dimen138
) (c:/texlive/2022/texmf-dist/tex/latex/graphics/graphicx.sty
Package: graphicx 2021/09/16 v1.2d Enhanced LaTeX Graphics (DPC,SPQR)
 (c:/texlive/2022/texmf-dist/tex/latex/graphics/keyval.sty
Package: keyval 2014/10/28 v1.15 key=value parser (DPC)
\KV@toks@=\toks16
) (c:/texlive/2022/texmf-dist/tex/latex/graphics/graphics.sty
Package: graphics 2021/03/04 v1.4d Standard LaTeX Graphics (DPC,SPQR)
 (c:/texlive/2022/texmf-dist/tex/latex/graphics/trig.sty
Package: trig 2021/08/11 v1.11 sin cos tan (DPC)
) (c:/texlive/2022/texmf-dist/tex/latex/graphics-cfg/graphics.cfg
File: graphics.cfg 2016/06/04 v1.11 sample graphics configuration
)
Package graphics Info: Driver file: pdftex.def on input line 107.
 (c:/texlive/2022/texmf-dist/tex/latex/graphics-def/pdftex.def
File: pdftex.def 2020/10/05 v1.2a Graphics/color driver for pdftex
))
\Gin@req@height=\dimen139
\Gin@req@width=\dimen140
) (c:/texlive/2022/texmf-dist/tex/latex/amsfonts/amssymb.sty
Package: amssymb 2013/01/14 v3.01 AMS font symbols
 (c:/texlive/2022/texmf-dist/tex/latex/amsfonts/amsfonts.sty
Package: amsfonts 2013/01/14 v3.01 Basic AMSFonts support
\@emptytoks=\toks17
\symAMSa=\mathgroup4
\symAMSb=\mathgroup5
LaTeX Font Info:    Redeclaring math symbol \hbar on input line 98.
LaTeX Font Info:    Overwriting math alphabet `\mathfrak' in version `bold'
(Font)                  U/euf/m/n --> U/euf/b/n on input line 106.
)) (c:/texlive/2022/texmf-dist/tex/latex/amsmath/amsmath.sty
Package: amsmath 2021/10/15 v2.17l AMS math features
\@mathmargin=\skip49

For additional information on amsmath, use the `?' option.
(c:/texlive/2022/texmf-dist/tex/latex/amsmath/amstext.sty
Package: amstext 2021/08/26 v2.01 AMS text
 (c:/texlive/2022/texmf-dist/tex/latex/amsmath/amsgen.sty
File: amsgen.sty 1999/11/30 v2.0 generic functions
\@emptytoks=\toks18
\ex@=\dimen141
)) (c:/texlive/2022/texmf-dist/tex/latex/amsmath/amsbsy.sty
Package: amsbsy 1999/11/29 v1.2d Bold Symbols
\pmbraise@=\dimen142
) (c:/texlive/2022/texmf-dist/tex/latex/amsmath/amsopn.sty
Package: amsopn 2021/08/26 v2.02 operator names
)
\inf@bad=\count193
LaTeX Info: Redefining \frac on input line 234.
\uproot@=\count194
\leftroot@=\count195
LaTeX Info: Redefining \overline on input line 399.
\classnum@=\count196
\DOTSCASE@=\count197
LaTeX Info: Redefining \ldots on input line 496.
LaTeX Info: Redefining \dots on input line 499.
LaTeX Info: Redefining \cdots on input line 620.
\Mathstrutbox@=\box50
\strutbox@=\box51
\big@size=\dimen143
LaTeX Font Info:    Redeclaring font encoding OML on input line 743.
LaTeX Font Info:    Redeclaring font encoding OMS on input line 744.
\macc@depth=\count198
\c@MaxMatrixCols=\count199
\dotsspace@=\muskip16
\c@parentequation=\count266
\dspbrk@lvl=\count267
\tag@help=\toks19
\row@=\count268
\column@=\count269
\maxfields@=\count270
\andhelp@=\toks20
\eqnshift@=\dimen144
\alignsep@=\dimen145
\tagshift@=\dimen146
\tagwidth@=\dimen147
\totwidth@=\dimen148
\lineht@=\dimen149
\@envbody=\toks21
\multlinegap=\skip50
\multlinetaggap=\skip51
\mathdisplay@stack=\toks22
LaTeX Info: Redefining \[ on input line 2938.
LaTeX Info: Redefining \] on input line 2939.
) (c:/texlive/2022/texmf-dist/tex/latex/l3backend/l3backend-pdftex.def
File: l3backend-pdftex.def 2022-02-07 L3 backend support: PDF output (pdfTeX)
\l__color_backend_stack_int=\count271
\l__pdf_internal_box=\box52
) (./Axiom-Circle.aux)
\openout1 = `Axiom-Circle.aux'.

LaTeX Font Info:    Checking defaults for OML/cmm/m/it on input line 10.
LaTeX Font Info:    ... okay on input line 10.
LaTeX Font Info:    Checking defaults for OMS/cmsy/m/n on input line 10.
LaTeX Font Info:    ... okay on input line 10.
LaTeX Font Info:    Checking defaults for OT1/cmr/m/n on input line 10.
LaTeX Font Info:    ... okay on input line 10.
LaTeX Font Info:    Checking defaults for T1/cmr/m/n on input line 10.
LaTeX Font Info:    ... okay on input line 10.
LaTeX Font Info:    Checking defaults for TS1/cmr/m/n on input line 10.
LaTeX Font Info:    ... okay on input line 10.
LaTeX Font Info:    Checking defaults for OMX/cmex/m/n on input line 10.
LaTeX Font Info:    ... okay on input line 10.
LaTeX Font Info:    Checking defaults for U/cmr/m/n on input line 10.
LaTeX Font Info:    ... okay on input line 10.
 (c:/texlive/2022/texmf-dist/tex/context/base/mkii/supp-pdf.mkii
[Loading MPS to PDF converter (version 2006.09.02).]
\scratchcounter=\count272
\scratchdimen=\dimen150
\scratchbox=\box53
\nofMPsegments=\count273
\nofMParguments=\count274
\everyMPshowfont=\toks23
\MPscratchCnt=\count275
\MPscratchDim=\dimen151
\MPnumerator=\count276
\makeMPintoPDFobject=\count277
\everyMPtoPDFconversion=\toks24
) (c:/texlive/2022/texmf-dist/tex/latex/epstopdf-pkg/epstopdf-base.sty
Package: epstopdf-base 2020-01-24 v2.11 Base part for package epstopdf
 (c:/texlive/2022/texmf-dist/tex/generic/infwarerr/infwarerr.sty
Package: infwarerr 2019/12/03 v1.5 Providing info/warning/error messages (HO)
) (c:/texlive/2022/texmf-dist/tex/latex/grfext/grfext.sty
Package: grfext 2019/12/03 v1.3 Manage graphics extensions (HO)
 (c:/texlive/2022/texmf-dist/tex/generic/kvdefinekeys/kvdefinekeys.sty
Package: kvdefinekeys 2019-12-19 v1.6 Define keys (HO)
)) (c:/texlive/2022/texmf-dist/tex/latex/kvoptions/kvoptions.sty
Package: kvoptions 2020-10-07 v3.14 Key value format for package options (HO)
 (c:/texlive/2022/texmf-dist/tex/generic/ltxcmds/ltxcmds.sty
Package: ltxcmds 2020-05-10 v1.25 LaTeX kernel commands for general use (HO)
) (c:/texlive/2022/texmf-dist/tex/generic/kvsetkeys/kvsetkeys.sty
Package: kvsetkeys 2019/12/15 v1.18 Key value parser (HO)
)) (c:/texlive/2022/texmf-dist/tex/generic/pdftexcmds/pdftexcmds.sty
Package: pdftexcmds 2020-06-27 v0.33 Utility functions of pdfTeX for LuaTeX (HO)
 (c:/texlive/2022/texmf-dist/tex/generic/iftex/iftex.sty
Package: iftex 2022/02/03 v1.0f TeX engine tests
)
Package pdftexcmds Info: \pdf@primitive is available.
Package pdftexcmds Info: \pdf@ifprimitive is available.
Package pdftexcmds Info: \pdfdraftmode found.
)
Package epstopdf-base Info: Redefining graphics rule for `.eps' on input line 485.
Package grfext Info: Graphics extension search list:
(grfext)             [.pdf,.png,.jpg,.mps,.jpeg,.jbig2,.jb2,.PDF,.PNG,.JPG,.JPEG,.JBIG2,.JB2,.eps]
(grfext)             \AppendGraphicsExtensions on input line 504.
 (c:/texlive/2022/texmf-dist/tex/latex/latexconfig/epstopdf-sys.cfg
File: epstopdf-sys.cfg 2010/07/13 v1.3 Configuration of (r)epstopdf for TeX Live
))
LaTeX Font Info:    Trying to load font information for U+msa on input line 12.
 (c:/texlive/2022/texmf-dist/tex/latex/amsfonts/umsa.fd
File: umsa.fd 2013/01/14 v3.01 AMS symbols A
)
LaTeX Font Info:    Trying to load font information for U+msb on input line 12.
 (c:/texlive/2022/texmf-dist/tex/latex/amsfonts/umsb.fd
File: umsb.fd 2013/01/14 v3.01 AMS symbols B
)
c:/Users/Chan/Documents/GitHub/EG/Plan_files/Axiom-Circle.tex:17: Missing $ inserted.
<inserted text> 
                $
l.17     (defn) separated_
                          of_circle_circle : Prop -- Given two circles (\ome...
I've inserted a begin-math/end-math symbol since I think
you left one out. Proceed, with fingers crossed.

c:/Users/Chan/Documents/GitHub/EG/Plan_files/Axiom-Circle.tex:22: Missing $ inserted.
<inserted text> 
                $
l.22 
     
I've inserted a begin-math/end-math symbol since I think
you left one out. Proceed, with fingers crossed.


Overfull \hbox (534.32559pt too wide) in paragraph at lines 15--22
\OT1/cmr/m/n/12 (defn) separated$[]\OML/cmm/m/it/12 f[]ircle[]ircle \OT1/cmr/m/n/12 : \OML/cmm/m/it/12 Prop \OMS/cmsy/m/n/12 ^^@ ^^@\OML/cmm/m/it/12 Giventwocircles\OT1/cmr/m/n/12 (\OML/cmm/m/it/12 ![]![] \OT1/cmr/m/n/12 : \OML/cmm/m/it/12 CircleP\OT1/cmr/m/n/12 )\OML/cmm/m/it/12 ; returnapropositionthatthedistancebetweentwocirclecentersislargerthanthesumoftworadii; i:e:; \OMS/cmsy/m/n/12 j\OML/cmm/m/it/12 O[]O[]\OMS/cmsy/m/n/12 j \OML/cmm/m/it/12 >
 []


Overfull \hbox (380.21913pt too wide) in paragraph at lines 15--22
\OML/cmm/m/it/12 CircleP\OT1/cmr/m/n/12 )\OML/cmm/m/it/12 ; returnapropositionthatthedistancebetweentwocirclecentersislessthanthesumoftworadiiandmorethanthedifferenceoftheirradii; i:e:; \OMS/cmsy/m/n/12 j\OML/cmm/m/it/12 r[] \OMS/cmsy/m/n/12 ^^@
 []


Overfull \hbox (65.92691pt too wide) in paragraph at lines 15--22
\OML/cmm/m/it/12 r[]\OMS/cmsy/m/n/12 j \OML/cmm/m/it/12 < \OMS/cmsy/m/n/12 j\OML/cmm/m/it/12 O[]O[]\OMS/cmsy/m/n/12 j \OML/cmm/m/it/12 < r[] \OT1/cmr/m/n/12 + \OML/cmm/m/it/12 r[]:\OT1/cmr/m/n/12 (\OML/cmm/m/it/12 defn\OT1/cmr/m/n/12 )\OML/cmm/m/it/12 circumscribed[]f[]ircl[]ircle \OT1/cmr/m/n/12 : \OML/cmm/m/it/12 Prop \OMS/cmsy/m/n/12 ^^@ ^^@\OML/cmm/m/it/12 Giventwocircles\OT1/cmr/m/n/12 (\OML/cmm/m/it/12 ![]![] \OT1/cmr/m/n/12 :
 []


Overfull \hbox (187.3078pt too wide) in paragraph at lines 15--22
\OML/cmm/m/it/12 CircleP\OT1/cmr/m/n/12 )\OML/cmm/m/it/12 ; returnapropositionthatthedistancebetweentwocirclecentersisequaltothesumoftworadii; i:e:; \OMS/cmsy/m/n/12 j\OML/cmm/m/it/12 O[]O[]\OMS/cmsy/m/n/12 j \OT1/cmr/m/n/12 =
 []


Overfull \hbox (650.50777pt too wide) in paragraph at lines 15--22
\OML/cmm/m/it/12 r[] \OT1/cmr/m/n/12 + \OML/cmm/m/it/12 r[]:\OT1/cmr/m/n/12 (\OML/cmm/m/it/12 defn\OT1/cmr/m/n/12 )\OML/cmm/m/it/12 included[]f[]ircle[]ircle \OT1/cmr/m/n/12 : \OML/cmm/m/it/12 Prop \OMS/cmsy/m/n/12 ^^@ ^^@\OML/cmm/m/it/12 Giventwocircles\OT1/cmr/m/n/12 (\OML/cmm/m/it/12 ![]![] \OT1/cmr/m/n/12 : \OML/cmm/m/it/12 CircleP\OT1/cmr/m/n/12 )\OML/cmm/m/it/12 ; returnapropositionthatthedistancebetweentwocirclecentersislessthanthefirstradiusminusthesecondradius; i:e:; \OMS/cmsy/m/n/12 j\OML/cmm/m/it/12 O[]O[]\OMS/cmsy/m/n/12 j \OML/cmm/m/it/12 <
 []


Overfull \hbox (647.43504pt too wide) in paragraph at lines 15--22
\OML/cmm/m/it/12 r[] \OMS/cmsy/m/n/12 ^^@ \OML/cmm/m/it/12 r[]:\OT1/cmr/m/n/12 (\OML/cmm/m/it/12 defn\OT1/cmr/m/n/12 )\OML/cmm/m/it/12 inscribed[]f[]ircle[]ircle \OT1/cmr/m/n/12 : \OML/cmm/m/it/12 Prop \OMS/cmsy/m/n/12 ^^@ ^^@\OML/cmm/m/it/12 Giventwocircles\OT1/cmr/m/n/12 (\OML/cmm/m/it/12 ![]![] \OT1/cmr/m/n/12 : \OML/cmm/m/it/12 CircleP\OT1/cmr/m/n/12 )\OML/cmm/m/it/12 ; returnapropositionthatthedistancebetweentwocirclecentersisequaltothefirstradiusminusthesecondradius; i:e:; \OMS/cmsy/m/n/12 j\OML/cmm/m/it/12 O[]O[]\OMS/cmsy/m/n/12 j \OT1/cmr/m/n/12 =
 []

c:/Users/Chan/Documents/GitHub/EG/Plan_files/Axiom-Circle.tex:24: Missing $ inserted.
<inserted text> 
                $
l.24     separated_
                   circles_zero_intersection -- Given two circles (\omega_1 ...
I've inserted a begin-math/end-math symbol since I think
you left one out. Proceed, with fingers crossed.

c:/Users/Chan/Documents/GitHub/EG/Plan_files/Axiom-Circle.tex:29: Missing $ inserted.
<inserted text> 
                $
l.29 
     
I've inserted a begin-math/end-math symbol since I think
you left one out. Proceed, with fingers crossed.


Overfull \hbox (100.52184pt too wide) in paragraph at lines 23--29
\OML/cmm/m/it/12 CircleP\OT1/cmr/m/n/12 )\OML/cmm/m/it/12 ; iftheyareseparated; thentheyhavenointersection:intersected[]ircles[]wo[]ntersection \OMS/cmsy/m/n/12 ^^@
 []


Overfull \hbox (333.58127pt too wide) in paragraph at lines 23--29
\OMS/cmsy/m/n/12 ^^@\OML/cmm/m/it/12 Giventwocircles\OT1/cmr/m/n/12 (\OML/cmm/m/it/12 ![]![] \OT1/cmr/m/n/12 : \OML/cmm/m/it/12 CircleP\OT1/cmr/m/n/12 )\OML/cmm/m/it/12 ; iftheyintersecteachother; thentheyhaveexactlytwocommonpoints:circumscribed[]ircles[]ne[]ntersection \OMS/cmsy/m/n/12 ^^@
 []


Overfull \hbox (286.0843pt too wide) in paragraph at lines 23--29
\OMS/cmsy/m/n/12 ^^@\OML/cmm/m/it/12 Giventwocircles\OT1/cmr/m/n/12 (\OML/cmm/m/it/12 ![]![] \OT1/cmr/m/n/12 : \OML/cmm/m/it/12 CircleP\OT1/cmr/m/n/12 )\OML/cmm/m/it/12 ; iftheyarecircumscribed; thentheyhaveexactlyonecommonpoint:included[]ircles[]o[]ntersection \OMS/cmsy/m/n/12 ^^@
 []


Overfull \hbox (220.51367pt too wide) in paragraph at lines 23--29
\OMS/cmsy/m/n/12 ^^@\OML/cmm/m/it/12 Giventwocircles\OT1/cmr/m/n/12 (\OML/cmm/m/it/12 ![]![] \OT1/cmr/m/n/12 : \OML/cmm/m/it/12 CircleP\OT1/cmr/m/n/12 )\OML/cmm/m/it/12 ; if![]isincludedin![]; thentheyhavenointersections:inscibed[]ircles[]ne[]ntersection \OMS/cmsy/m/n/12 ^^@
 []


Overfull \hbox (116.85574pt too wide) in paragraph at lines 23--29
\OMS/cmsy/m/n/12 ^^@\OML/cmm/m/it/12 Giventwocircles\OT1/cmr/m/n/12 (\OML/cmm/m/it/12 ![]![] \OT1/cmr/m/n/12 : \OML/cmm/m/it/12 CircleP\OT1/cmr/m/n/12 )\OML/cmm/m/it/12 ; if![]isinscribedwith![]; thentheyhaveexactlyonecommonpoint:$ 
 []

c:/Users/Chan/Documents/GitHub/EG/Plan_files/Axiom-Circle.tex:35: Missing $ inserted.
<inserted text> 
                $
l.35      (defn) line_
                      tangent_to_circle : Prop -- Given a line and a circle,...
I've inserted a begin-math/end-math symbol since I think
you left one out. Proceed, with fingers crossed.

c:/Users/Chan/Documents/GitHub/EG/Plan_files/Axiom-Circle.tex:43: Missing $ inserted.
<inserted text> 
                $
l.43 
     
I've inserted a begin-math/end-math symbol since I think
you left one out. Proceed, with fingers crossed.


Overfull \hbox (804.98784pt too wide) in paragraph at lines 34--43
\OT1/cmr/m/n/12 Definitions : (defn) line$[]\OML/cmm/m/it/12 angent[]o[]ircle \OT1/cmr/m/n/12 : \OML/cmm/m/it/12 Prop \OMS/cmsy/m/n/12 ^^@ ^^@\OML/cmm/m/it/12 Givenalineandacircle; returnapropositionthatthelinehasexactlyonecommonpointwiththecircle; i:e:; thereexistacommonpointAandanycommonpointmustbeA:\OT1/cmr/m/n/12 (\OML/cmm/m/it/12 defn\OT1/cmr/m/n/12 )\OML/cmm/m/it/12 line[]ecant[]o[]ircle \OT1/cmr/m/n/12 :
 []


Overfull \hbox (234.6721pt too wide) in paragraph at lines 34--43
\OML/cmm/m/it/12 Prop \OMS/cmsy/m/n/12 ^^@ ^^@\OML/cmm/m/it/12 Givenalineandacircle; returnapropositionthattheyhaveexactlytwocommonpoints:\OT1/cmr/m/n/12 (\OML/cmm/m/it/12 defn\OT1/cmr/m/n/12 )\OML/cmm/m/it/12 line[]isjoint[]rom[]ircle \OT1/cmr/m/n/12 :
 []


Overfull \hbox (174.77107pt too wide) in paragraph at lines 34--43
\OML/cmm/m/it/12 Prop \OMS/cmsy/m/n/12 ^^@ ^^@\OML/cmm/m/it/12 Givenalineandacircle; returenapropositionthattheyhavenocommonpoints:\OT1/cmr/m/n/12 (\OML/cmm/m/it/12 defn\OT1/cmr/m/n/12 )\OML/cmm/m/it/12 line[]ntersect[]ircle \OT1/cmr/m/n/12 :
 []


Overfull \hbox (199.67317pt too wide) in paragraph at lines 34--43
\OML/cmm/m/it/12 Prop \OMS/cmsy/m/n/12 ^^@ ^^@\OML/cmm/m/it/12 Givenalineandacircle; returenapropositionthatthelinehasatleastacommonpointwiththecircle:Theorems \OT1/cmr/m/n/12 :
 []


Overfull \hbox (622.73195pt too wide) in paragraph at lines 34--43
\OML/cmm/m/it/12 line[]angent[]o[]ircle[]ff[]ne[]ntersection \OMS/cmsy/m/n/12 ^^@ ^^@\OML/cmm/m/it/12 Givenalineandacircle; thelineistangenttothecircleiffthedistancefromthecentertothelineisequaltoradiusofthecircle:line[]ecant[]o[]ircle[]ff[]wo[]ntersection \OMS/cmsy/m/n/12 ^^@
 []


Overfull \hbox (463.2693pt too wide) in paragraph at lines 34--43
\OMS/cmsy/m/n/12 ^^@\OML/cmm/m/it/12 Givenalineandacircle; thelineissecanttothecircleiffthedistancefromthecentertothelineislessthantheradiusofthecircle:line[]isjoint[]rom[]ircle[]ff[]wo[]ntersection \OMS/cmsy/m/n/12 ^^@
 []


Overfull \hbox (274.95856pt too wide) in paragraph at lines 34--43
\OMS/cmsy/m/n/12 ^^@\OML/cmm/m/it/12 Givenalineandacircle; thelineisdisjointfromthecircleiffthedistancefromthecentertothelineismorethantheradiusofthecircle:$ 
 []

[1

{c:/texlive/2022/texmf-var/fonts/map/pdftex/updmap/pdftex.map}] [2] (./Axiom-Circle.aux) ) 
Here is how much of TeX's memory you used:
 3103 strings out of 480103
 48117 string characters out of 5891161
 335418 words of memory out of 5000000
 21060 multiletter control sequences out of 15000+600000
 477715 words of font info for 61 fonts, out of 8000000 for 9000
 36 hyphenation exceptions out of 8191
 60i,5n,67p,400b,211s stack positions out of 10000i,1000n,20000p,200000b,200000s
<c:/texlive/2022/texmf-dist/fonts/type1/public/amsfonts/cm/cmbx12.pfb><c:/texlive/2022/texmf-dist/fonts/type1/public/amsfonts/cm/cmmi12.pfb><c:/texlive/2022/texmf-dist/fonts/type1/public/amsfonts/cm/cmmi8.pfb><c:/texlive/2022/texmf-dist/fonts/type1/public/amsfonts/cm/cmr12.pfb><c:/texlive/2022/texmf-dist/fonts/type1/public/amsfonts/cm/cmr17.pfb><c:/texlive/2022/texmf-dist/fonts/type1/public/amsfonts/cm/cmr8.pfb><c:/texlive/2022/texmf-dist/fonts/type1/public/amsfonts/cm/cmsy10.pfb>
Output written on Axiom-Circle.pdf (2 pages, 82141 bytes).
PDF statistics:
 46 PDF objects out of 1000 (max. 8388607)
 27 compressed objects within 1 object stream
 0 named destinations out of 1000 (max. 500000)
 1 words of extra memory for PDF output out of 10000 (max. 10000000)

